2022-11-07 16:04:43,289 INFO 13480 [egg-schedule]: register schedule D:\eggjs-something\hackernews\node_modules\egg-multipart\app\schedule\clean_tmpdir.js
2022-11-07 16:04:43,289 INFO 13480 [egg-schedule]: register schedule D:\eggjs-something\hackernews\node_modules\egg-logrotator\app\schedule\clean_log.js
2022-11-07 16:04:43,289 INFO 13480 [egg-schedule]: register schedule D:\eggjs-something\hackernews\node_modules\egg-logrotator\app\schedule\rotate_by_file.js
2022-11-07 16:04:43,699 INFO 12984 [Timer] D:\eggjs-something\hackernews\node_modules\egg-multipart\app\schedule\clean_tmpdir.js next time will execute after 44716304ms at 2022-11-08 04:30:00.003
2022-11-07 16:04:43,699 INFO 12984 [Timer] D:\eggjs-something\hackernews\node_modules\egg-logrotator\app\schedule\clean_log.js next time will execute after 28516301ms at 2022-11-08 00:00:00.000
2022-11-07 16:04:43,699 INFO 12984 [Timer] D:\eggjs-something\hackernews\node_modules\egg-logrotator\app\schedule\rotate_by_file.js next time will execute after 28517301ms at 2022-11-08 00:00:01.000
2022-11-07 16:10:46,251 INFO 4828 [egg-schedule]: register schedule D:\senlinDemo\hackernews\node_modules\egg-multipart\app\schedule\clean_tmpdir.js
2022-11-07 16:10:46,251 INFO 4828 [egg-schedule]: register schedule D:\senlinDemo\hackernews\node_modules\egg-logrotator\app\schedule\clean_log.js
2022-11-07 16:10:46,251 INFO 4828 [egg-schedule]: register schedule D:\senlinDemo\hackernews\node_modules\egg-logrotator\app\schedule\rotate_by_file.js
2022-11-07 16:10:47,412 INFO 13496 [Timer] D:\senlinDemo\hackernews\node_modules\egg-multipart\app\schedule\clean_tmpdir.js next time will execute after 44352592ms at 2022-11-08 04:30:00.004
2022-11-07 16:10:47,413 INFO 13496 [Timer] D:\senlinDemo\hackernews\node_modules\egg-logrotator\app\schedule\clean_log.js next time will execute after 28152588ms at 2022-11-08 00:00:00.001
2022-11-07 16:10:47,413 INFO 13496 [Timer] D:\senlinDemo\hackernews\node_modules\egg-logrotator\app\schedule\rotate_by_file.js next time will execute after 28153587ms at 2022-11-08 00:00:01.000
2022-11-07 16:15:42,993 INFO 4868 [egg-schedule]: register schedule D:\senlinDemo\hackernews\node_modules\egg-multipart\app\schedule\clean_tmpdir.js
2022-11-07 16:15:42,993 INFO 4868 [egg-schedule]: register schedule D:\senlinDemo\hackernews\node_modules\egg-logrotator\app\schedule\clean_log.js
2022-11-07 16:15:42,993 INFO 4868 [egg-schedule]: register schedule D:\senlinDemo\hackernews\node_modules\egg-logrotator\app\schedule\rotate_by_file.js
2022-11-07 16:16:26,666 INFO 14168 [egg-schedule]: register schedule D:\senlinDemo\hackernews\node_modules\egg-multipart\app\schedule\clean_tmpdir.js
2022-11-07 16:16:26,666 INFO 14168 [egg-schedule]: register schedule D:\senlinDemo\hackernews\node_modules\egg-logrotator\app\schedule\clean_log.js
2022-11-07 16:16:26,666 INFO 14168 [egg-schedule]: register schedule D:\senlinDemo\hackernews\node_modules\egg-logrotator\app\schedule\rotate_by_file.js
2022-11-07 16:16:35,529 INFO 6464 [egg-schedule]: register schedule D:\senlinDemo\hackernews\node_modules\egg-multipart\app\schedule\clean_tmpdir.js
2022-11-07 16:16:35,529 INFO 6464 [egg-schedule]: register schedule D:\senlinDemo\hackernews\node_modules\egg-logrotator\app\schedule\clean_log.js
2022-11-07 16:16:35,529 INFO 6464 [egg-schedule]: register schedule D:\senlinDemo\hackernews\node_modules\egg-logrotator\app\schedule\rotate_by_file.js
2022-11-07 16:16:42,129 INFO 7636 [egg-schedule]: register schedule D:\senlinDemo\hackernews\node_modules\egg-multipart\app\schedule\clean_tmpdir.js
2022-11-07 16:16:42,129 INFO 7636 [egg-schedule]: register schedule D:\senlinDemo\hackernews\node_modules\egg-logrotator\app\schedule\clean_log.js
2022-11-07 16:16:42,129 INFO 7636 [egg-schedule]: register schedule D:\senlinDemo\hackernews\node_modules\egg-logrotator\app\schedule\rotate_by_file.js
2022-11-07 16:17:17,815 INFO 10520 [egg-schedule]: register schedule D:\senlinDemo\hackernews\node_modules\egg-multipart\app\schedule\clean_tmpdir.js
2022-11-07 16:17:17,815 INFO 10520 [egg-schedule]: register schedule D:\senlinDemo\hackernews\node_modules\egg-logrotator\app\schedule\clean_log.js
2022-11-07 16:17:17,815 INFO 10520 [egg-schedule]: register schedule D:\senlinDemo\hackernews\node_modules\egg-logrotator\app\schedule\rotate_by_file.js
2022-11-07 16:17:30,559 INFO 5928 [egg-schedule]: register schedule D:\senlinDemo\hackernews\node_modules\egg-multipart\app\schedule\clean_tmpdir.js
2022-11-07 16:17:30,559 INFO 5928 [egg-schedule]: register schedule D:\senlinDemo\hackernews\node_modules\egg-logrotator\app\schedule\clean_log.js
2022-11-07 16:17:30,559 INFO 5928 [egg-schedule]: register schedule D:\senlinDemo\hackernews\node_modules\egg-logrotator\app\schedule\rotate_by_file.js
2022-11-07 16:32:50,678 INFO 13152 [egg-schedule]: register schedule D:\senlinDemo\hackernews\node_modules\egg-multipart\app\schedule\clean_tmpdir.js
2022-11-07 16:32:50,678 INFO 13152 [egg-schedule]: register schedule D:\senlinDemo\hackernews\node_modules\egg-logrotator\app\schedule\clean_log.js
2022-11-07 16:32:50,678 INFO 13152 [egg-schedule]: register schedule D:\senlinDemo\hackernews\node_modules\egg-logrotator\app\schedule\rotate_by_file.js
2022-11-07 16:32:57,176 INFO 15400 [egg-schedule]: register schedule D:\senlinDemo\hackernews\node_modules\egg-multipart\app\schedule\clean_tmpdir.js
2022-11-07 16:32:57,176 INFO 15400 [egg-schedule]: register schedule D:\senlinDemo\hackernews\node_modules\egg-logrotator\app\schedule\clean_log.js
2022-11-07 16:32:57,176 INFO 15400 [egg-schedule]: register schedule D:\senlinDemo\hackernews\node_modules\egg-logrotator\app\schedule\rotate_by_file.js
2022-11-07 16:33:59,458 INFO 492 [egg-schedule]: register schedule D:\senlinDemo\hackernews\node_modules\egg-multipart\app\schedule\clean_tmpdir.js
2022-11-07 16:33:59,458 INFO 492 [egg-schedule]: register schedule D:\senlinDemo\hackernews\node_modules\egg-logrotator\app\schedule\clean_log.js
2022-11-07 16:33:59,458 INFO 492 [egg-schedule]: register schedule D:\senlinDemo\hackernews\node_modules\egg-logrotator\app\schedule\rotate_by_file.js
2022-11-07 16:34:48,040 INFO 15984 [egg-schedule]: register schedule D:\senlinDemo\hackernews\node_modules\egg-multipart\app\schedule\clean_tmpdir.js
2022-11-07 16:34:48,040 INFO 15984 [egg-schedule]: register schedule D:\senlinDemo\hackernews\node_modules\egg-logrotator\app\schedule\clean_log.js
2022-11-07 16:34:48,040 INFO 15984 [egg-schedule]: register schedule D:\senlinDemo\hackernews\node_modules\egg-logrotator\app\schedule\rotate_by_file.js
2022-11-07 17:43:38,505 INFO 12960 [egg-schedule]: register schedule D:\senlinDemo\hackernews\node_modules\egg-multipart\app\schedule\clean_tmpdir.js
2022-11-07 17:43:38,505 INFO 12960 [egg-schedule]: register schedule D:\senlinDemo\hackernews\node_modules\egg-logrotator\app\schedule\clean_log.js
2022-11-07 17:43:38,505 INFO 12960 [egg-schedule]: register schedule D:\senlinDemo\hackernews\node_modules\egg-logrotator\app\schedule\rotate_by_file.js
