2022-11-07 16:05:40,877 ERROR 13480 [-/127.0.0.1/-/30322ms GET /news] nodejs.ResponseTimeoutError: Response timeout for 30000ms, GET https://hacker-news.firebaseio.com/v0/topstories.json -1 (connected: true, keepalive socket: false, agent status: {"createSocketCount":1,"createSocketErrorCount":0,"closeSocketCount":1,"errorSocketCount":0,"timeoutSocketCount":0,"requestCount":0,"freeSockets":{},"sockets":{},"requests":{}}, socketHandledRequests: 1, socketHandledResponses: 0)
headers: {}
headers: {}
    at Timeout._onTimeout (D:\eggjs-something\hackernews\node_modules\urllib\lib\urllib.js:1002:15)
    at listOnTimeout (internal/timers.js:551:17)
    at processTimers (internal/timers.js:494:7)
name: "ResponseTimeoutError"
requestId: 1
data: undefined
path: "/v0/topstories.json?orderBy=%22%24key%22&startAt=%220%22&endAt=%2229%22"
status: -1
headers: {}
res: {"status":-1,"statusCode":-1,"statusMessage":null,"headers":{},"size":0,"aborted":false,"rt":30312,"keepAliveSocket":false,"requestUrls":["https://hacker-news.firebaseio.com/v0/topstories.json"],"timing":null,"remoteAddress":"34.120.160.131","remotePort":443,"socketHandledRequests":1,"socketHandledResponses":0}
pid: 13480
hostname: DESKTOP-FCN5DGL

2022-11-07 16:11:45,577 ERROR 4828 [-/127.0.0.1/-/24828ms GET /news/user/sohkamyung] nodejs.ResponseError: read ECONNRESET, GET https://hacker-news.firebaseio.com/v0/user/sohkamyung.json -1 (connected: true, keepalive socket: false, agent status: {"createSocketCount":41,"createSocketErrorCount":0,"closeSocketCount":32,"errorSocketCount":1,"timeoutSocketCount":32,"requestCount":36,"freeSockets":{"hacker-news.firebaseio.com:443::::::::::::::::::":2},"sockets":{"hacker-news.firebaseio.com:443::::::::::::::::::":7},"requests":{}}, socketHandledRequests: 1, socketHandledResponses: 0)
headers: {}
    at TLSWrap.onStreamRead (internal/stream_base_commons.js:207:27)
errno: -4077
code: "ECONNRESET"
syscall: "read"
name: "ResponseError"
data: undefined
path: "/v0/user/sohkamyung.json"
status: -1
headers: {}
res: {"status":-1,"statusCode":-1,"statusMessage":null,"headers":{},"size":0,"aborted":false,"rt":24826,"keepAliveSocket":false,"requestUrls":["https://hacker-news.firebaseio.com/v0/user/sohkamyung.json"],"timing":null,"remoteAddress":"34.120.160.131","remotePort":443,"socketHandledRequests":1,"socketHandledResponses":0}
pid: 4828
hostname: DESKTOP-FCN5DGL

2022-11-07 16:11:56,196 ERROR 4828 [-/127.0.0.1/-/25178ms GET /news/item/33501487] nodejs.RequestError: connect ETIMEDOUT 34.120.160.131:443, GET https://hacker-news.firebaseio.com/v0/item/33502228.json -1 (connected: false, keepalive socket: false, agent status: {"createSocketCount":41,"createSocketErrorCount":0,"closeSocketCount":35,"errorSocketCount":2,"timeoutSocketCount":34,"requestCount":37,"freeSockets":{"hacker-news.firebaseio.com:443::::::::::::::::::":1},"sockets":{"hacker-news.firebaseio.com:443::::::::::::::::::":5},"requests":{}}, socketHandledRequests: 1, socketHandledResponses: 0)
headers: {}
    at TCPConnectWrap.afterConnect [as oncomplete] (net.js:1144:16)
errno: -4039
code: "ETIMEDOUT"
syscall: "connect"
address: "34.120.160.131"
port: 443
name: "RequestError"
data: undefined
path: "/v0/item/33502228.json"
status: -1
headers: {}
res: {"status":-1,"statusCode":-1,"statusMessage":null,"headers":{},"size":0,"aborted":false,"rt":21054,"keepAliveSocket":false,"requestUrls":["https://hacker-news.firebaseio.com/v0/item/33502228.json"],"timing":null,"remoteAddress":"34.120.160.131","remotePort":"","socketHandledRequests":1,"socketHandledResponses":0}
pid: 4828
hostname: DESKTOP-FCN5DGL

